
> web@0.1.0 build /Users/zile/enigma-engine/apps/web
> next build

▲ Next.js 16.1.1 (Turbopack)

  Creating an optimized production build ...
✓ Compiled successfully in 811.4ms
  Running TypeScript ...
  Collecting page data using 9 workers ...
  Generating static pages using 9 workers (0/4) ...
  Generating static pages using 9 workers (1/4) 
  Generating static pages using 9 workers (2/4) 
  Generating static pages using 9 workers (3/4) 
✓ Generating static pages using 9 workers (4/4) in 158.8ms
  Finalizing page optimization ...

Route (app)
┌ ○ /
├ ○ /_not-found
├ ƒ /[registry_slug]/[component_slug]
├ ƒ /api/v1/[tenant]/[component]
└ ƒ /dashboard/[registry_slug]


○  (Static)   prerendered as static content
ƒ  (Dynamic)  server-rendered on demand

